# JRE version: Java(TM) SE Runtime Environment (8.0_31-b13) (build 1.8.0_31-b13)
# Java VM: Java HotSpot(TM) 64-Bit Server VM (25.31-b07 mixed mode windows-amd64 compressed oops)
Heap:
 PSYoungGen      total 316416K, used 213491K [0x00000000eab00000, 0x0000000100000000, 0x0000000100000000)
  eden space 287744K, 74% used [0x00000000eab00000,0x00000000f7b7cf50,0x00000000fc400000)
  from space 28672K, 0% used [0x00000000fe400000,0x00000000fe400000,0x0000000100000000)
  to   space 30720K, 0% used [0x00000000fc400000,0x00000000fc400000,0x00000000fe200000)
 ParOldGen       total 99840K, used 46629K [0x00000000c0000000, 0x00000000c6180000, 0x00000000eab00000)
  object space 99840K, 46% used [0x00000000c0000000,0x00000000c2d89798,0x00000000c6180000)
 Metaspace       used 55835K, capacity 59240K, committed 60456K, reserved 1101824K
  class space    used 7336K, capacity 8347K, committed 8744K, reserved 1048576K
GC Heap History (10 events):
Event: 2278.869 GC heap before
{Heap before GC invocations=20 (full 6):
 PSYoungGen      total 322048K, used 139065K [0x00000000eab00000, 0x0000000100000000, 0x0000000100000000)
  eden space 294912K, 47% used [0x00000000eab00000,0x00000000f32ce488,0x00000000fcb00000)
  from space 27136K, 0% used [0x00000000fcb00000,0x00000000fcb00000,0x00000000fe580000)
  to   space 27136K, 0% used [0x00000000fe580000,0x00000000fe580000,0x0000000100000000)
 ParOldGen       total 99840K, used 47902K [0x00000000c0000000, 0x00000000c6180000, 0x00000000eab00000)
  object space 99840K, 47% used [0x00000000c0000000,0x00000000c2ec78b0,0x00000000c6180000)
 Metaspace       used 55383K, capacity 59096K, committed 59688K, reserved 1099776K
  class space    used 7433K, capacity 8563K, committed 8744K, reserved 1048576K
Event: 2278.881 GC heap after
Heap after GC invocations=20 (full 6):
 PSYoungGen      total 322560K, used 1543K [0x00000000eab00000, 0x0000000100000000, 0x0000000100000000)
  eden space 295424K, 0% used [0x00000000eab00000,0x00000000eab00000,0x00000000fcb80000)
  from space 27136K, 5% used [0x00000000fe580000,0x00000000fe701e50,0x0000000100000000)
  to   space 26624K, 0% used [0x00000000fcb80000,0x00000000fcb80000,0x00000000fe580000)
 ParOldGen       total 99840K, used 47910K [0x00000000c0000000, 0x00000000c6180000, 0x00000000eab00000)
  object space 99840K, 47% used [0x00000000c0000000,0x00000000c2ec98b0,0x00000000c6180000)
 Metaspace       used 55383K, capacity 59096K, committed 59688K, reserved 1099776K
  class space    used 7433K, capacity 8563K, committed 8744K, reserved 1048576K
}
Event: 2278.881 GC heap before
{Heap before GC invocations=21 (full 7):
 PSYoungGen      total 322560K, used 1543K [0x00000000eab00000, 0x0000000100000000, 0x0000000100000000)
  eden space 295424K, 0% used [0x00000000eab00000,0x00000000eab00000,0x00000000fcb80000)
  from space 27136K, 5% used [0x00000000fe580000,0x00000000fe701e50,0x0000000100000000)
  to   space 26624K, 0% used [0x00000000fcb80000,0x00000000fcb80000,0x00000000fe580000)
 ParOldGen       total 99840K, used 47910K [0x00000000c0000000, 0x00000000c6180000, 0x00000000eab00000)
  object space 99840K, 47% used [0x00000000c0000000,0x00000000c2ec98b0,0x00000000c6180000)
 Metaspace       used 55383K, capacity 59096K, committed 59688K, reserved 1099776K
  class space    used 7433K, capacity 8563K, committed 8744K, reserved 1048576K
Event: 2279.090 GC heap after
Heap after GC invocations=21 (full 7):
 PSYoungGen      total 322560K, used 0K [0x00000000eab00000, 0x0000000100000000, 0x0000000100000000)
  eden space 295424K, 0% used [0x00000000eab00000,0x00000000eab00000,0x00000000fcb80000)
  from space 27136K, 0% used [0x00000000fe580000,0x00000000fe580000,0x0000000100000000)
  to   space 26624K, 0% used [0x00000000fcb80000,0x00000000fcb80000,0x00000000fe580000)
 ParOldGen       total 99840K, used 28887K [0x00000000c0000000, 0x00000000c6180000, 0x00000000eab00000)
  object space 99840K, 28% used [0x00000000c0000000,0x00000000c1c35ca8,0x00000000c6180000)
 Metaspace       used 53328K, capacity 54698K, committed 59688K, reserved 1099776K
  class space    used 6813K, capacity 7290K, committed 8744K, reserved 1048576K
}
Event: 2333.892 GC heap before
{Heap before GC invocations=22 (full 7):
 PSYoungGen      total 322560K, used 295424K [0x00000000eab00000, 0x0000000100000000, 0x0000000100000000)
  eden space 295424K, 100% used [0x00000000eab00000,0x00000000fcb80000,0x00000000fcb80000)
  from space 27136K, 0% used [0x00000000fe580000,0x00000000fe580000,0x0000000100000000)
  to   space 26624K, 0% used [0x00000000fcb80000,0x00000000fcb80000,0x00000000fe580000)
 ParOldGen       total 99840K, used 28887K [0x00000000c0000000, 0x00000000c6180000, 0x00000000eab00000)
  object space 99840K, 28% used [0x00000000c0000000,0x00000000c1c35ca8,0x00000000c6180000)
 Metaspace       used 54240K, capacity 56348K, committed 59688K, reserved 1099776K
  class space    used 7089K, capacity 7839K, committed 8744K, reserved 1048576K
Event: 2333.931 GC heap after
Heap after GC invocations=22 (full 7):
 PSYoungGen      total 314880K, used 19302K [0x00000000eab00000, 0x0000000100000000, 0x0000000100000000)
  eden space 295424K, 0% used [0x00000000eab00000,0x00000000eab00000,0x00000000fcb80000)
  from space 19456K, 99% used [0x00000000fcb80000,0x00000000fde59be0,0x00000000fde80000)
  to   space 28672K, 0% used [0x00000000fe400000,0x00000000fe400000,0x0000000100000000)
 ParOldGen       total 99840K, used 28895K [0x00000000c0000000, 0x00000000c6180000, 0x00000000eab00000)
  object space 99840K, 28% used [0x00000000c0000000,0x00000000c1c37ca8,0x00000000c6180000)
 Metaspace       used 54240K, capacity 56348K, committed 59688K, reserved 1099776K
  class space    used 7089K, capacity 7839K, committed 8744K, reserved 1048576K
}
Event: 2455.149 GC heap before
{Heap before GC invocations=23 (full 7):
 PSYoungGen      total 314880K, used 307155K [0x00000000eab00000, 0x0000000100000000, 0x0000000100000000)
  eden space 295424K, 97% used [0x00000000eab00000,0x00000000fc41b328,0x00000000fcb80000)
  from space 19456K, 99% used [0x00000000fcb80000,0x00000000fde59be0,0x00000000fde80000)
  to   space 28672K, 0% used [0x00000000fe400000,0x00000000fe400000,0x0000000100000000)
 ParOldGen       total 99840K, used 28895K [0x00000000c0000000, 0x00000000c6180000, 0x00000000eab00000)
  object space 99840K, 28% used [0x00000000c0000000,0x00000000c1c37ca8,0x00000000c6180000)
 Metaspace       used 55343K, capacity 58358K, committed 60200K, reserved 1101824K
  class space    used 7271K, capacity 8192K, committed 8744K, reserved 1048576K
Event: 2455.160 GC heap after
Heap after GC invocations=23 (full 7):
 PSYoungGen      total 316416K, used 19350K [0x00000000eab00000, 0x0000000100000000, 0x0000000100000000)
  eden space 287744K, 0% used [0x00000000eab00000,0x00000000eab00000,0x00000000fc400000)
  from space 28672K, 67% used [0x00000000fe400000,0x00000000ff6e5a90,0x0000000100000000)
  to   space 30720K, 0% used [0x00000000fc400000,0x00000000fc400000,0x00000000fe200000)
 ParOldGen       total 99840K, used 28903K [0x00000000c0000000, 0x00000000c6180000, 0x00000000eab00000)
  object space 99840K, 28% used [0x00000000c0000000,0x00000000c1c39ca8,0x00000000c6180000)
 Metaspace       used 55343K, capacity 58358K, committed 60200K, reserved 1101824K
  class space    used 7271K, capacity 8192K, committed 8744K, reserved 1048576K
}
Event: 2455.160 GC heap before
{Heap before GC invocations=24 (full 8):
 PSYoungGen      total 316416K, used 19350K [0x00000000eab00000, 0x0000000100000000, 0x0000000100000000)
  eden space 287744K, 0% used [0x00000000eab00000,0x00000000eab00000,0x00000000fc400000)
  from space 28672K, 67% used [0x00000000fe400000,0x00000000ff6e5a90,0x0000000100000000)
  to   space 30720K, 0% used [0x00000000fc400000,0x00000000fc400000,0x00000000fe200000)
 ParOldGen       total 99840K, used 28903K [0x00000000c0000000, 0x00000000c6180000, 0x00000000eab00000)
  object space 99840K, 28% used [0x00000000c0000000,0x00000000c1c39ca8,0x00000000c6180000)
 Metaspace       used 55343K, capacity 58358K, committed 60200K, reserved 1101824K
  class space    used 7271K, capacity 8192K, committed 8744K, reserved 1048576K
Event: 2455.374 GC heap after
Heap after GC invocations=24 (full 8):
 PSYoungGen      total 316416K, used 0K [0x00000000eab00000, 0x0000000100000000, 0x0000000100000000)
  eden space 287744K, 0% used [0x00000000eab00000,0x00000000eab00000,0x00000000fc400000)
  from space 28672K, 0% used [0x00000000fe400000,0x00000000fe400000,0x0000000100000000)
  to   space 30720K, 0% used [0x00000000fc400000,0x00000000fc400000,0x00000000fe200000)
 ParOldGen       total 99840K, used 46629K [0x00000000c0000000, 0x00000000c6180000, 0x00000000eab00000)
  object space 99840K, 46% used [0x00000000c0000000,0x00000000c2d89798,0x00000000c6180000)
 Metaspace       used 55343K, capacity 58358K, committed 60200K, reserved 1101824K
  class space    used 7271K, capacity 8192K, committed 8744K, reserved 1048576K
}

