# JRE version: Java(TM) SE Runtime Environment (8.0_31-b13) (build 1.8.0_31-b13)
# Java VM: Java HotSpot(TM) 64-Bit Server VM (25.31-b07 mixed mode windows-amd64 compressed oops)
Heap:
 PSYoungGen      total 328704K, used 290034K [0x00000000eab00000, 0x0000000100000000, 0x0000000100000000)
  eden space 308736K, 93% used [0x00000000eab00000,0x00000000fc63c9b0,0x00000000fd880000)
  from space 19968K, 0% used [0x00000000fd880000,0x00000000fd880000,0x00000000fec00000)
  to   space 18944K, 0% used [0x00000000fed80000,0x00000000fed80000,0x0000000100000000)
 ParOldGen       total 90624K, used 38693K [0x00000000c0000000, 0x00000000c5880000, 0x00000000eab00000)
  object space 90624K, 42% used [0x00000000c0000000,0x00000000c25c95e8,0x00000000c5880000)
 Metaspace       used 55304K, capacity 59254K, committed 61272K, reserved 1101824K
  class space    used 7409K, capacity 8511K, committed 9088K, reserved 1048576K
GC Heap History (10 events):
Event: 707.168 GC heap before
{Heap before GC invocations=21 (full 6):
 PSYoungGen      total 327168K, used 2148K [0x00000000eab00000, 0x0000000100000000, 0x0000000100000000)
  eden space 306176K, 0% used [0x00000000eab00000,0x00000000eab00000,0x00000000fd600000)
  from space 20992K, 10% used [0x00000000fd600000,0x00000000fd819008,0x00000000fea80000)
  to   space 20480K, 0% used [0x00000000fec00000,0x00000000fec00000,0x0000000100000000)
 ParOldGen       total 90624K, used 58029K [0x00000000c0000000, 0x00000000c5880000, 0x00000000eab00000)
  object space 90624K, 64% used [0x00000000c0000000,0x00000000c38ab638,0x00000000c5880000)
 Metaspace       used 55197K, capacity 59052K, committed 59224K, reserved 1099776K
  class space    used 7535K, capacity 8732K, committed 8832K, reserved 1048576K
Event: 707.434 GC heap after
Heap after GC invocations=21 (full 6):
 PSYoungGen      total 327168K, used 0K [0x00000000eab00000, 0x0000000100000000, 0x0000000100000000)
  eden space 306176K, 0% used [0x00000000eab00000,0x00000000eab00000,0x00000000fd600000)
  from space 20992K, 0% used [0x00000000fd600000,0x00000000fd600000,0x00000000fea80000)
  to   space 20480K, 0% used [0x00000000fec00000,0x00000000fec00000,0x0000000100000000)
 ParOldGen       total 90624K, used 57847K [0x00000000c0000000, 0x00000000c5880000, 0x00000000eab00000)
  object space 90624K, 63% used [0x00000000c0000000,0x00000000c387dd88,0x00000000c5880000)
 Metaspace       used 55197K, capacity 59052K, committed 59224K, reserved 1099776K
  class space    used 7535K, capacity 8732K, committed 8832K, reserved 1048576K
}
Event: 890.327 GC heap before
{Heap before GC invocations=22 (full 6):
 PSYoungGen      total 327168K, used 260089K [0x00000000eab00000, 0x0000000100000000, 0x0000000100000000)
  eden space 306176K, 84% used [0x00000000eab00000,0x00000000fa8fe768,0x00000000fd600000)
  from space 20992K, 0% used [0x00000000fd600000,0x00000000fd600000,0x00000000fea80000)
  to   space 20480K, 0% used [0x00000000fec00000,0x00000000fec00000,0x0000000100000000)
 ParOldGen       total 90624K, used 57847K [0x00000000c0000000, 0x00000000c5880000, 0x00000000eab00000)
  object space 90624K, 63% used [0x00000000c0000000,0x00000000c387dd88,0x00000000c5880000)
 Metaspace       used 55954K, capacity 60476K, committed 60632K, reserved 1101824K
  class space    used 7638K, capacity 8956K, committed 8960K, reserved 1048576K
Event: 890.330 GC heap after
Heap after GC invocations=22 (full 6):
 PSYoungGen      total 329216K, used 3024K [0x00000000eab00000, 0x0000000100000000, 0x0000000100000000)
  eden space 308736K, 0% used [0x00000000eab00000,0x00000000eab00000,0x00000000fd880000)
  from space 20480K, 14% used [0x00000000fec00000,0x00000000feef4010,0x0000000100000000)
  to   space 19968K, 0% used [0x00000000fd880000,0x00000000fd880000,0x00000000fec00000)
 ParOldGen       total 90624K, used 57855K [0x00000000c0000000, 0x00000000c5880000, 0x00000000eab00000)
  object space 90624K, 63% used [0x00000000c0000000,0x00000000c387fd88,0x00000000c5880000)
 Metaspace       used 55954K, capacity 60476K, committed 60632K, reserved 1101824K
  class space    used 7638K, capacity 8956K, committed 8960K, reserved 1048576K
}
Event: 890.330 GC heap before
{Heap before GC invocations=23 (full 7):
 PSYoungGen      total 329216K, used 3024K [0x00000000eab00000, 0x0000000100000000, 0x0000000100000000)
  eden space 308736K, 0% used [0x00000000eab00000,0x00000000eab00000,0x00000000fd880000)
  from space 20480K, 14% used [0x00000000fec00000,0x00000000feef4010,0x0000000100000000)
  to   space 19968K, 0% used [0x00000000fd880000,0x00000000fd880000,0x00000000fec00000)
 ParOldGen       total 90624K, used 57855K [0x00000000c0000000, 0x00000000c5880000, 0x00000000eab00000)
  object space 90624K, 63% used [0x00000000c0000000,0x00000000c387fd88,0x00000000c5880000)
 Metaspace       used 55954K, capacity 60476K, committed 60632K, reserved 1101824K
  class space    used 7638K, capacity 8956K, committed 8960K, reserved 1048576K
Event: 890.553 GC heap after
Heap after GC invocations=23 (full 7):
 PSYoungGen      total 329216K, used 0K [0x00000000eab00000, 0x0000000100000000, 0x0000000100000000)
  eden space 308736K, 0% used [0x00000000eab00000,0x00000000eab00000,0x00000000fd880000)
  from space 20480K, 0% used [0x00000000fec00000,0x00000000fec00000,0x0000000100000000)
  to   space 19968K, 0% used [0x00000000fd880000,0x00000000fd880000,0x00000000fec00000)
 ParOldGen       total 90624K, used 59045K [0x00000000c0000000, 0x00000000c5880000, 0x00000000eab00000)
  object space 90624K, 65% used [0x00000000c0000000,0x00000000c39a94e8,0x00000000c5880000)
 Metaspace       used 55954K, capacity 60476K, committed 60632K, reserved 1101824K
  class space    used 7638K, capacity 8956K, committed 8960K, reserved 1048576K
}
Event: 2090.939 GC heap before
{Heap before GC invocations=24 (full 7):
 PSYoungGen      total 329216K, used 129118K [0x00000000eab00000, 0x0000000100000000, 0x0000000100000000)
  eden space 308736K, 41% used [0x00000000eab00000,0x00000000f2917a40,0x00000000fd880000)
  from space 20480K, 0% used [0x00000000fec00000,0x00000000fec00000,0x0000000100000000)
  to   space 19968K, 0% used [0x00000000fd880000,0x00000000fd880000,0x00000000fec00000)
 ParOldGen       total 90624K, used 59045K [0x00000000c0000000, 0x00000000c5880000, 0x00000000eab00000)
  object space 90624K, 65% used [0x00000000c0000000,0x00000000c39a94e8,0x00000000c5880000)
 Metaspace       used 56359K, capacity 60978K, committed 61272K, reserved 1101824K
  class space    used 7674K, capacity 9012K, committed 9088K, reserved 1048576K
Event: 2090.947 GC heap after
Heap after GC invocations=24 (full 7):
 PSYoungGen      total 328704K, used 3687K [0x00000000eab00000, 0x0000000100000000, 0x0000000100000000)
  eden space 308736K, 0% used [0x00000000eab00000,0x00000000eab00000,0x00000000fd880000)
  from space 19968K, 18% used [0x00000000fd880000,0x00000000fdc19d60,0x00000000fec00000)
  to   space 18944K, 0% used [0x00000000fed80000,0x00000000fed80000,0x0000000100000000)
 ParOldGen       total 90624K, used 59053K [0x00000000c0000000, 0x00000000c5880000, 0x00000000eab00000)
  object space 90624K, 65% used [0x00000000c0000000,0x00000000c39ab4e8,0x00000000c5880000)
 Metaspace       used 56359K, capacity 60978K, committed 61272K, reserved 1101824K
  class space    used 7674K, capacity 9012K, committed 9088K, reserved 1048576K
}
Event: 2090.947 GC heap before
{Heap before GC invocations=25 (full 8):
 PSYoungGen      total 328704K, used 3687K [0x00000000eab00000, 0x0000000100000000, 0x0000000100000000)
  eden space 308736K, 0% used [0x00000000eab00000,0x00000000eab00000,0x00000000fd880000)
  from space 19968K, 18% used [0x00000000fd880000,0x00000000fdc19d60,0x00000000fec00000)
  to   space 18944K, 0% used [0x00000000fed80000,0x00000000fed80000,0x0000000100000000)
 ParOldGen       total 90624K, used 59053K [0x00000000c0000000, 0x00000000c5880000, 0x00000000eab00000)
  object space 90624K, 65% used [0x00000000c0000000,0x00000000c39ab4e8,0x00000000c5880000)
 Metaspace       used 56359K, capacity 60978K, committed 61272K, reserved 1101824K
  class space    used 7674K, capacity 9012K, committed 9088K, reserved 1048576K
Event: 2091.124 GC heap after
Heap after GC invocations=25 (full 8):
 PSYoungGen      total 328704K, used 0K [0x00000000eab00000, 0x0000000100000000, 0x0000000100000000)
  eden space 308736K, 0% used [0x00000000eab00000,0x00000000eab00000,0x00000000fd880000)
  from space 19968K, 0% used [0x00000000fd880000,0x00000000fd880000,0x00000000fec00000)
  to   space 18944K, 0% used [0x00000000fed80000,0x00000000fed80000,0x0000000100000000)
 ParOldGen       total 90624K, used 38693K [0x00000000c0000000, 0x00000000c5880000, 0x00000000eab00000)
  object space 90624K, 42% used [0x00000000c0000000,0x00000000c25c95e8,0x00000000c5880000)
 Metaspace       used 54007K, capacity 56806K, committed 61272K, reserved 1101824K
  class space    used 7044K, capacity 7729K, committed 9088K, reserved 1048576K
}

