# JRE version: Java(TM) SE Runtime Environment (8.0_31-b13) (build 1.8.0_31-b13)
# Java VM: Java HotSpot(TM) 64-Bit Server VM (25.31-b07 mixed mode windows-amd64 compressed oops)
Heap:
 PSYoungGen      total 294912K, used 118064K [0x00000000eab00000, 0x0000000100000000, 0x0000000100000000)
  eden space 273920K, 43% used [0x00000000eab00000,0x00000000f1e4c2c8,0x00000000fb680000)
  from space 20992K, 0% used [0x00000000fb680000,0x00000000fb680000,0x00000000fcb00000)
  to   space 28160K, 0% used [0x00000000fe480000,0x00000000fe480000,0x0000000100000000)
 ParOldGen       total 98304K, used 51592K [0x00000000c0000000, 0x00000000c6000000, 0x00000000eab00000)
  object space 98304K, 52% used [0x00000000c0000000,0x00000000c3262240,0x00000000c6000000)
 Metaspace       used 45700K, capacity 47960K, committed 48128K, reserved 1089536K
  class space    used 6327K, capacity 7115K, committed 7168K, reserved 1048576K
GC Heap History (10 events):
Event: 4.492 GC heap before
{Heap before GC invocations=10 (full 1):
 PSYoungGen      total 225280K, used 221785K [0x00000000eab00000, 0x00000000f9980000, 0x0000000100000000)
  eden space 209920K, 100% used [0x00000000eab00000,0x00000000f7800000,0x00000000f7800000)
  from space 15360K, 77% used [0x00000000f8880000,0x00000000f94165c0,0x00000000f9780000)
  to   space 16896K, 0% used [0x00000000f7800000,0x00000000f7800000,0x00000000f8880000)
 ParOldGen       total 70144K, used 11883K [0x00000000c0000000, 0x00000000c4480000, 0x00000000eab00000)
  object space 70144K, 16% used [0x00000000c0000000,0x00000000c0b9aec0,0x00000000c4480000)
 Metaspace       used 33033K, capacity 34032K, committed 34304K, reserved 1079296K
  class space    used 4406K, capacity 4778K, committed 4864K, reserved 1048576K
Event: 4.507 GC heap after
Heap after GC invocations=10 (full 1):
 PSYoungGen      total 226816K, used 14682K [0x00000000eab00000, 0x00000000fdd80000, 0x0000000100000000)
  eden space 209920K, 0% used [0x00000000eab00000,0x00000000eab00000,0x00000000f7800000)
  from space 16896K, 86% used [0x00000000f7800000,0x00000000f8656808,0x00000000f8880000)
  to   space 18944K, 0% used [0x00000000fcb00000,0x00000000fcb00000,0x00000000fdd80000)
 ParOldGen       total 70144K, used 11883K [0x00000000c0000000, 0x00000000c4480000, 0x00000000eab00000)
  object space 70144K, 16% used [0x00000000c0000000,0x00000000c0b9aec0,0x00000000c4480000)
 Metaspace       used 33033K, capacity 34032K, committed 34304K, reserved 1079296K
  class space    used 4406K, capacity 4778K, committed 4864K, reserved 1048576K
}
Event: 4.656 GC heap before
{Heap before GC invocations=11 (full 1):
 PSYoungGen      total 226816K, used 43425K [0x00000000eab00000, 0x00000000fdd80000, 0x0000000100000000)
  eden space 209920K, 13% used [0x00000000eab00000,0x00000000ec711e20,0x00000000f7800000)
  from space 16896K, 86% used [0x00000000f7800000,0x00000000f8656808,0x00000000f8880000)
  to   space 18944K, 0% used [0x00000000fcb00000,0x00000000fcb00000,0x00000000fdd80000)
 ParOldGen       total 70144K, used 11883K [0x00000000c0000000, 0x00000000c4480000, 0x00000000eab00000)
  object space 70144K, 16% used [0x00000000c0000000,0x00000000c0b9aec0,0x00000000c4480000)
 Metaspace       used 34330K, capacity 35424K, committed 35456K, reserved 1079296K
  class space    used 4578K, capacity 4984K, committed 4992K, reserved 1048576K
Event: 4.666 GC heap after
Heap after GC invocations=11 (full 1):
 PSYoungGen      total 292864K, used 15175K [0x00000000eab00000, 0x00000000fee80000, 0x0000000100000000)
  eden space 273920K, 0% used [0x00000000eab00000,0x00000000eab00000,0x00000000fb680000)
  from space 18944K, 80% used [0x00000000fcb00000,0x00000000fd9d1cb0,0x00000000fdd80000)
  to   space 20992K, 0% used [0x00000000fb680000,0x00000000fb680000,0x00000000fcb00000)
 ParOldGen       total 70144K, used 11955K [0x00000000c0000000, 0x00000000c4480000, 0x00000000eab00000)
  object space 70144K, 17% used [0x00000000c0000000,0x00000000c0baced0,0x00000000c4480000)
 Metaspace       used 34330K, capacity 35424K, committed 35456K, reserved 1079296K
  class space    used 4578K, capacity 4984K, committed 4992K, reserved 1048576K
}
Event: 4.666 GC heap before
{Heap before GC invocations=12 (full 2):
 PSYoungGen      total 292864K, used 15175K [0x00000000eab00000, 0x00000000fee80000, 0x0000000100000000)
  eden space 273920K, 0% used [0x00000000eab00000,0x00000000eab00000,0x00000000fb680000)
  from space 18944K, 80% used [0x00000000fcb00000,0x00000000fd9d1cb0,0x00000000fdd80000)
  to   space 20992K, 0% used [0x00000000fb680000,0x00000000fb680000,0x00000000fcb00000)
 ParOldGen       total 70144K, used 11955K [0x00000000c0000000, 0x00000000c4480000, 0x00000000eab00000)
  object space 70144K, 17% used [0x00000000c0000000,0x00000000c0baced0,0x00000000c4480000)
 Metaspace       used 34330K, capacity 35424K, committed 35456K, reserved 1079296K
  class space    used 4578K, capacity 4984K, committed 4992K, reserved 1048576K
Event: 4.739 GC heap after
Heap after GC invocations=12 (full 2):
 PSYoungGen      total 292864K, used 0K [0x00000000eab00000, 0x00000000fee80000, 0x0000000100000000)
  eden space 273920K, 0% used [0x00000000eab00000,0x00000000eab00000,0x00000000fb680000)
  from space 18944K, 0% used [0x00000000fcb00000,0x00000000fcb00000,0x00000000fdd80000)
  to   space 20992K, 0% used [0x00000000fb680000,0x00000000fb680000,0x00000000fcb00000)
 ParOldGen       total 98304K, used 21711K [0x00000000c0000000, 0x00000000c6000000, 0x00000000eab00000)
  object space 98304K, 22% used [0x00000000c0000000,0x00000000c1533e98,0x00000000c6000000)
 Metaspace       used 34257K, capacity 35196K, committed 35456K, reserved 1079296K
  class space    used 4563K, capacity 4916K, committed 4992K, reserved 1048576K
}
Event: 6.258 GC heap before
{Heap before GC invocations=13 (full 2):
 PSYoungGen      total 292864K, used 268032K [0x00000000eab00000, 0x00000000fee80000, 0x0000000100000000)
  eden space 273920K, 97% used [0x00000000eab00000,0x00000000fb0c01f0,0x00000000fb680000)
  from space 18944K, 0% used [0x00000000fcb00000,0x00000000fcb00000,0x00000000fdd80000)
  to   space 20992K, 0% used [0x00000000fb680000,0x00000000fb680000,0x00000000fcb00000)
 ParOldGen       total 98304K, used 21711K [0x00000000c0000000, 0x00000000c6000000, 0x00000000eab00000)
  object space 98304K, 22% used [0x00000000c0000000,0x00000000c1533e98,0x00000000c6000000)
 Metaspace       used 43312K, capacity 45144K, committed 45440K, reserved 1087488K
  class space    used 5995K, capacity 6719K, committed 6784K, reserved 1048576K
Event: 6.308 GC heap after
Heap after GC invocations=13 (full 2):
 PSYoungGen      total 294912K, used 20964K [0x00000000eab00000, 0x0000000100000000, 0x0000000100000000)
  eden space 273920K, 0% used [0x00000000eab00000,0x00000000eab00000,0x00000000fb680000)
  from space 20992K, 99% used [0x00000000fb680000,0x00000000fcaf9160,0x00000000fcb00000)
  to   space 28160K, 0% used [0x00000000fe480000,0x00000000fe480000,0x0000000100000000)
 ParOldGen       total 98304K, used 32352K [0x00000000c0000000, 0x00000000c6000000, 0x00000000eab00000)
  object space 98304K, 32% used [0x00000000c0000000,0x00000000c1f98158,0x00000000c6000000)
 Metaspace       used 43312K, capacity 45144K, committed 45440K, reserved 1087488K
  class space    used 5995K, capacity 6719K, committed 6784K, reserved 1048576K
}
Event: 6.308 GC heap before
{Heap before GC invocations=14 (full 3):
 PSYoungGen      total 294912K, used 20964K [0x00000000eab00000, 0x0000000100000000, 0x0000000100000000)
  eden space 273920K, 0% used [0x00000000eab00000,0x00000000eab00000,0x00000000fb680000)
  from space 20992K, 99% used [0x00000000fb680000,0x00000000fcaf9160,0x00000000fcb00000)
  to   space 28160K, 0% used [0x00000000fe480000,0x00000000fe480000,0x0000000100000000)
 ParOldGen       total 98304K, used 32352K [0x00000000c0000000, 0x00000000c6000000, 0x00000000eab00000)
  object space 98304K, 32% used [0x00000000c0000000,0x00000000c1f98158,0x00000000c6000000)
 Metaspace       used 43312K, capacity 45144K, committed 45440K, reserved 1087488K
  class space    used 5995K, capacity 6719K, committed 6784K, reserved 1048576K
Event: 6.621 GC heap after
Heap after GC invocations=14 (full 3):
 PSYoungGen      total 294912K, used 0K [0x00000000eab00000, 0x0000000100000000, 0x0000000100000000)
  eden space 273920K, 0% used [0x00000000eab00000,0x00000000eab00000,0x00000000fb680000)
  from space 20992K, 0% used [0x00000000fb680000,0x00000000fb680000,0x00000000fcb00000)
  to   space 28160K, 0% used [0x00000000fe480000,0x00000000fe480000,0x0000000100000000)
 ParOldGen       total 98304K, used 51592K [0x00000000c0000000, 0x00000000c6000000, 0x00000000eab00000)
  object space 98304K, 52% used [0x00000000c0000000,0x00000000c3262240,0x00000000c6000000)
 Metaspace       used 43312K, capacity 45144K, committed 45440K, reserved 1087488K
  class space    used 5995K, capacity 6719K, committed 6784K, reserved 1048576K
}

