# JRE version: Java(TM) SE Runtime Environment (8.0_31-b13) (build 1.8.0_31-b13)
# Java VM: Java HotSpot(TM) 64-Bit Server VM (25.31-b07 mixed mode windows-amd64 compressed oops)
Heap:
 PSYoungGen      total 316416K, used 94666K [0x00000000eab00000, 0x0000000100000000, 0x0000000100000000)
  eden space 283648K, 29% used [0x00000000eab00000,0x00000000efd01fa8,0x00000000fc000000)
  from space 32768K, 32% used [0x00000000fc000000,0x00000000fca70bb0,0x00000000fe000000)
  to   space 31232K, 0% used [0x00000000fe180000,0x00000000fe180000,0x0000000100000000)
 ParOldGen       total 108032K, used 57975K [0x00000000c0000000, 0x00000000c6980000, 0x00000000eab00000)
  object space 108032K, 53% used [0x00000000c0000000,0x00000000c389dd98,0x00000000c6980000)
 Metaspace       used 61297K, capacity 66760K, committed 67072K, reserved 1105920K
  class space    used 8286K, capacity 9877K, committed 9984K, reserved 1048576K
GC Heap History (10 events):
Event: 419.523 GC heap before
{Heap before GC invocations=18 (full 5):
 PSYoungGen      total 297984K, used 1711K [0x00000000eab00000, 0x0000000100000000, 0x0000000100000000)
  eden space 295936K, 0% used [0x00000000eab00000,0x00000000eab00000,0x00000000fcc00000)
  from space 2048K, 83% used [0x00000000fcc00000,0x00000000fcdabc60,0x00000000fce00000)
  to   space 27136K, 0% used [0x00000000fe580000,0x00000000fe580000,0x0000000100000000)
 ParOldGen       total 108032K, used 56580K [0x00000000c0000000, 0x00000000c6980000, 0x00000000eab00000)
  object space 108032K, 52% used [0x00000000c0000000,0x00000000c3741370,0x00000000c6980000)
 Metaspace       used 55734K, capacity 60040K, committed 60288K, reserved 1101824K
  class space    used 7567K, capacity 8793K, committed 8832K, reserved 1048576K
Event: 419.853 GC heap after
Heap after GC invocations=18 (full 5):
 PSYoungGen      total 297984K, used 0K [0x00000000eab00000, 0x0000000100000000, 0x0000000100000000)
  eden space 295936K, 0% used [0x00000000eab00000,0x00000000eab00000,0x00000000fcc00000)
  from space 2048K, 0% used [0x00000000fcc00000,0x00000000fcc00000,0x00000000fce00000)
  to   space 27136K, 0% used [0x00000000fe580000,0x00000000fe580000,0x0000000100000000)
 ParOldGen       total 108032K, used 57951K [0x00000000c0000000, 0x00000000c6980000, 0x00000000eab00000)
  object space 108032K, 53% used [0x00000000c0000000,0x00000000c3897d98,0x00000000c6980000)
 Metaspace       used 55734K, capacity 60040K, committed 60288K, reserved 1101824K
  class space    used 7567K, capacity 8793K, committed 8832K, reserved 1048576K
}
Event: 526.006 GC heap before
{Heap before GC invocations=19 (full 5):
 PSYoungGen      total 297984K, used 295936K [0x00000000eab00000, 0x0000000100000000, 0x0000000100000000)
  eden space 295936K, 100% used [0x00000000eab00000,0x00000000fcc00000,0x00000000fcc00000)
  from space 2048K, 0% used [0x00000000fcc00000,0x00000000fcc00000,0x00000000fce00000)
  to   space 27136K, 0% used [0x00000000fe580000,0x00000000fe580000,0x0000000100000000)
 ParOldGen       total 108032K, used 57951K [0x00000000c0000000, 0x00000000c6980000, 0x00000000eab00000)
  object space 108032K, 53% used [0x00000000c0000000,0x00000000c3897d98,0x00000000c6980000)
 Metaspace       used 56075K, capacity 60660K, committed 60928K, reserved 1101824K
  class space    used 7594K, capacity 8899K, committed 8960K, reserved 1048576K
Event: 526.072 GC heap after
Heap after GC invocations=19 (full 5):
 PSYoungGen      total 322048K, used 2608K [0x00000000eab00000, 0x0000000100000000, 0x0000000100000000)
  eden space 294912K, 0% used [0x00000000eab00000,0x00000000eab00000,0x00000000fcb00000)
  from space 27136K, 9% used [0x00000000fe580000,0x00000000fe80c040,0x0000000100000000)
  to   space 27136K, 0% used [0x00000000fcb00000,0x00000000fcb00000,0x00000000fe580000)
 ParOldGen       total 108032K, used 57951K [0x00000000c0000000, 0x00000000c6980000, 0x00000000eab00000)
  object space 108032K, 53% used [0x00000000c0000000,0x00000000c3897d98,0x00000000c6980000)
 Metaspace       used 56075K, capacity 60660K, committed 60928K, reserved 1101824K
  class space    used 7594K, capacity 8899K, committed 8960K, reserved 1048576K
}
Event: 530.691 GC heap before
{Heap before GC invocations=20 (full 5):
 PSYoungGen      total 322048K, used 297520K [0x00000000eab00000, 0x0000000100000000, 0x0000000100000000)
  eden space 294912K, 100% used [0x00000000eab00000,0x00000000fcb00000,0x00000000fcb00000)
  from space 27136K, 9% used [0x00000000fe580000,0x00000000fe80c040,0x0000000100000000)
  to   space 27136K, 0% used [0x00000000fcb00000,0x00000000fcb00000,0x00000000fe580000)
 ParOldGen       total 108032K, used 57951K [0x00000000c0000000, 0x00000000c6980000, 0x00000000eab00000)
  object space 108032K, 53% used [0x00000000c0000000,0x00000000c3897d98,0x00000000c6980000)
 Metaspace       used 59998K, capacity 64936K, committed 65152K, reserved 1105920K
  class space    used 8104K, capacity 9537K, committed 9600K, reserved 1048576K
Event: 530.706 GC heap after
Heap after GC invocations=20 (full 5):
 PSYoungGen      total 321024K, used 25700K [0x00000000eab00000, 0x0000000100000000, 0x0000000100000000)
  eden space 294912K, 0% used [0x00000000eab00000,0x00000000eab00000,0x00000000fcb00000)
  from space 26112K, 98% used [0x00000000fcb00000,0x00000000fe419238,0x00000000fe480000)
  to   space 28160K, 0% used [0x00000000fe480000,0x00000000fe480000,0x0000000100000000)
 ParOldGen       total 108032K, used 57959K [0x00000000c0000000, 0x00000000c6980000, 0x00000000eab00000)
  object space 108032K, 53% used [0x00000000c0000000,0x00000000c3899d98,0x00000000c6980000)
 Metaspace       used 59998K, capacity 64936K, committed 65152K, reserved 1105920K
  class space    used 8104K, capacity 9537K, committed 9600K, reserved 1048576K
}
Event: 531.401 GC heap before
{Heap before GC invocations=21 (full 5):
 PSYoungGen      total 321024K, used 320612K [0x00000000eab00000, 0x0000000100000000, 0x0000000100000000)
  eden space 294912K, 100% used [0x00000000eab00000,0x00000000fcb00000,0x00000000fcb00000)
  from space 26112K, 98% used [0x00000000fcb00000,0x00000000fe419238,0x00000000fe480000)
  to   space 28160K, 0% used [0x00000000fe480000,0x00000000fe480000,0x0000000100000000)
 ParOldGen       total 108032K, used 57959K [0x00000000c0000000, 0x00000000c6980000, 0x00000000eab00000)
  object space 108032K, 53% used [0x00000000c0000000,0x00000000c3899d98,0x00000000c6980000)
 Metaspace       used 60193K, capacity 65088K, committed 65408K, reserved 1105920K
  class space    used 8114K, capacity 9541K, committed 9600K, reserved 1048576K
Event: 531.414 GC heap after
Heap after GC invocations=21 (full 5):
 PSYoungGen      total 311808K, used 22178K [0x00000000eab00000, 0x0000000100000000, 0x0000000100000000)
  eden space 283648K, 0% used [0x00000000eab00000,0x00000000eab00000,0x00000000fc000000)
  from space 28160K, 78% used [0x00000000fe480000,0x00000000ffa288c0,0x0000000100000000)
  to   space 32768K, 0% used [0x00000000fc000000,0x00000000fc000000,0x00000000fe000000)
 ParOldGen       total 108032K, used 57967K [0x00000000c0000000, 0x00000000c6980000, 0x00000000eab00000)
  object space 108032K, 53% used [0x00000000c0000000,0x00000000c389bd98,0x00000000c6980000)
 Metaspace       used 60193K, capacity 65088K, committed 65408K, reserved 1105920K
  class space    used 8114K, capacity 9541K, committed 9600K, reserved 1048576K
}
Event: 916.693 GC heap before
{Heap before GC invocations=22 (full 5):
 PSYoungGen      total 311808K, used 305826K [0x00000000eab00000, 0x0000000100000000, 0x0000000100000000)
  eden space 283648K, 100% used [0x00000000eab00000,0x00000000fc000000,0x00000000fc000000)
  from space 28160K, 78% used [0x00000000fe480000,0x00000000ffa288c0,0x0000000100000000)
  to   space 32768K, 0% used [0x00000000fc000000,0x00000000fc000000,0x00000000fe000000)
 ParOldGen       total 108032K, used 57967K [0x00000000c0000000, 0x00000000c6980000, 0x00000000eab00000)
  object space 108032K, 53% used [0x00000000c0000000,0x00000000c389bd98,0x00000000c6980000)
 Metaspace       used 61140K, capacity 66394K, committed 66688K, reserved 1105920K
  class space    used 8269K, capacity 9807K, committed 9856K, reserved 1048576K
Event: 916.699 GC heap after
Heap after GC invocations=22 (full 5):
 PSYoungGen      total 316416K, used 10690K [0x00000000eab00000, 0x0000000100000000, 0x0000000100000000)
  eden space 283648K, 0% used [0x00000000eab00000,0x00000000eab00000,0x00000000fc000000)
  from space 32768K, 32% used [0x00000000fc000000,0x00000000fca70bb0,0x00000000fe000000)
  to   space 31232K, 0% used [0x00000000fe180000,0x00000000fe180000,0x0000000100000000)
 ParOldGen       total 108032K, used 57975K [0x00000000c0000000, 0x00000000c6980000, 0x00000000eab00000)
  object space 108032K, 53% used [0x00000000c0000000,0x00000000c389dd98,0x00000000c6980000)
 Metaspace       used 61140K, capacity 66394K, committed 66688K, reserved 1105920K
  class space    used 8269K, capacity 9807K, committed 9856K, reserved 1048576K
}

